<?xml version="1.0" encoding="UTF-8"?>
<!-- Generated by org.testng.reporters.JUnitXMLReporter -->
<testsuite hostname="DESKTOP-6LH8FQ7" ignored="0" name="LoginModuleTest" tests="2" failures="0" timestamp="2020-10-23T00:31:11 BDT" time="22.044" errors="0">
  <testcase name="checkLoginTitle" time="14.279" classname="com.samrat.OrangeHRMAutomation.Test.LoginTest"/>
  <testcase name="loginTest" time="5.812" classname="com.samrat.OrangeHRMAutomation.Test.LoginTest"/>
</testsuite> <!-- LoginModuleTest -->
