<?xml version="1.0" encoding="UTF-8"?>
<!-- Generated by org.testng.reporters.JUnitXMLReporter -->
<testsuite hostname="DESKTOP-6LH8FQ7" ignored="0" name="OrangeHRMAutomation" tests="4" failures="0" timestamp="2020-10-23T04:30:40 BDT" time="24.509" errors="0">
  <testcase name="checkLoginTitle" time="10.167" classname="com.samrat.OrangeHRMAutomation.Test.LoginTest"/>
  <testcase name="loginTest" time="6.885" classname="com.samrat.OrangeHRMAutomation.Test.LoginTest"/>
  <testcase name="clickAssignLeave" time="2.511" classname="com.samrat.OrangeHRMAutomation.Test.AssignLeaveTest"/>
  <testcase name="assignLeaveTest" time="4.031" classname="com.samrat.OrangeHRMAutomation.Test.AssignLeaveTest"/>
</testsuite> <!-- OrangeHRMAutomation -->
