<?xml version="1.0" encoding="UTF-8"?>
<!-- Generated by org.testng.reporters.JUnitXMLReporter -->
<testsuite hostname="DESKTOP-6LH8FQ7" ignored="0" name="Default test" tests="2" failures="0" timestamp="2020-10-22T21:16:36 BDT" time="20.965" errors="0">
  <testcase name="checkLoginTitle" time="11.867" classname="com.samrat.OrangeHRMAutomation.Test.LoginTest"/>
  <testcase name="loginTest" time="5.394" classname="com.samrat.OrangeHRMAutomation.Test.LoginTest"/>
</testsuite> <!-- Default test -->
